<?xml version="1.0" encoding="UTF-8"?>
<testng-results ignored="0" total="1" passed="0" failed="1" skipped="0">
  <reporter-output>
  </reporter-output>
  <suite started-at="2022-07-17T16:57:46 IST" name="Default suite" finished-at="2022-07-17T16:58:08 IST" duration-ms="22539">
    <groups>
    </groups>
    <test started-at="2022-07-17T16:57:46 IST" name="Default test" finished-at="2022-07-17T16:58:08 IST" duration-ms="22539">
      <class name="SignupRelatedTests.VerifySignUpProcess">
        <test-method is-config="true" signature="StartMethod()[pri:0, instance:SignupRelatedTests.VerifySignUpProcess@28f3b248]" started-at="2022-07-17T16:57:46 IST" name="StartMethod" finished-at="2022-07-17T16:57:59 IST" duration-ms="13031" status="PASS">
          <reporter-output>
          </reporter-output>
        </test-method> <!-- StartMethod -->
        <test-method signature="SignUpVerification()[pri:0, instance:SignupRelatedTests.VerifySignUpProcess@28f3b248]" started-at="2022-07-17T16:57:59 IST" name="SignUpVerification" finished-at="2022-07-17T16:58:07 IST" duration-ms="8681" status="FAIL">
          <exception class="java.lang.NullPointerException">
            <message>
              <![CDATA[Cannot invoke "org.openqa.selenium.WebElement.click()" because "Pages.SignUpPage.SignUpPage.SigninButton" is null]]>
            </message>
            <full-stacktrace>
              <![CDATA[java.lang.NullPointerException: Cannot invoke "org.openqa.selenium.WebElement.click()" because "Pages.SignUpPage.SignUpPage.SigninButton" is null
at Pages.SignUpPage.SignUpPage.ClickoNLoginButtion(SignUpPage.java:45)
at Pages.SignUpPage.SignUpPage.EntireSignupProcess(SignUpPage.java:52)
at SignupRelatedTests.VerifySignUpProcess.SignUpVerification(VerifySignUpProcess.java:24)
at java.base/jdk.internal.reflect.NativeMethodAccessorImpl.invoke0(Native Method)
at java.base/jdk.internal.reflect.NativeMethodAccessorImpl.invoke(NativeMethodAccessorImpl.java:77)
at java.base/jdk.internal.reflect.DelegatingMethodAccessorImpl.invoke(DelegatingMethodAccessorImpl.java:43)
at java.base/java.lang.reflect.Method.invoke(Method.java:568)
at org.testng.internal.invokers.MethodInvocationHelper.invokeMethod(MethodInvocationHelper.java:135)
at org.testng.internal.invokers.TestInvoker.invokeMethod(TestInvoker.java:673)
at org.testng.internal.invokers.TestInvoker.invokeTestMethod(TestInvoker.java:220)
at org.testng.internal.invokers.MethodRunner.runInSequence(MethodRunner.java:50)
at org.testng.internal.invokers.TestInvoker$MethodInvocationAgent.invoke(TestInvoker.java:945)
at org.testng.internal.invokers.TestInvoker.invokeTestMethods(TestInvoker.java:193)
at org.testng.internal.invokers.TestMethodWorker.invokeTestMethods(TestMethodWorker.java:146)
at org.testng.internal.invokers.TestMethodWorker.run(TestMethodWorker.java:128)
at java.base/java.util.ArrayList.forEach(ArrayList.java:1511)
at org.testng.TestRunner.privateRun(TestRunner.java:808)
at org.testng.TestRunner.run(TestRunner.java:603)
at org.testng.SuiteRunner.runTest(SuiteRunner.java:429)
at org.testng.SuiteRunner.runSequentially(SuiteRunner.java:423)
at org.testng.SuiteRunner.privateRun(SuiteRunner.java:383)
at org.testng.SuiteRunner.run(SuiteRunner.java:326)
at org.testng.SuiteRunnerWorker.runSuite(SuiteRunnerWorker.java:52)
at org.testng.SuiteRunnerWorker.run(SuiteRunnerWorker.java:95)
at org.testng.TestNG.runSuitesSequentially(TestNG.java:1249)
at org.testng.TestNG.runSuitesLocally(TestNG.java:1169)
at org.testng.TestNG.runSuites(TestNG.java:1092)
at org.testng.TestNG.run(TestNG.java:1060)
at org.testng.remote.AbstractRemoteTestNG.run(AbstractRemoteTestNG.java:115)
at org.testng.remote.RemoteTestNG.initAndRun(RemoteTestNG.java:251)
at org.testng.remote.RemoteTestNG.main(RemoteTestNG.java:77)
]]>
            </full-stacktrace>
          </exception> <!-- java.lang.NullPointerException -->
          <reporter-output>
          </reporter-output>
        </test-method> <!-- SignUpVerification -->
        <test-method is-config="true" signature="End()[pri:0, instance:SignupRelatedTests.VerifySignUpProcess@28f3b248]" started-at="2022-07-17T16:58:08 IST" name="End" finished-at="2022-07-17T16:58:08 IST" duration-ms="693" status="PASS">
          <reporter-output>
          </reporter-output>
        </test-method> <!-- End -->
      </class> <!-- SignupRelatedTests.VerifySignUpProcess -->
    </test> <!-- Default test -->
  </suite> <!-- Default suite -->
</testng-results>
